1641180935923	geckodriver	INFO	Listening on 127.0.0.1:52925
1641180938965	mozrunner::runner	INFO	Running command: "C:\\Program Files\\Mozilla Firefox\\firefox.exe" "--marionette" "--remote-debugging-port" "52926" "-no-remote" "-profile" "C:\\Users\\kana\\AppData\\Local\\Temp\\rust_mozprofileS07cqt"
1641180939717	Marionette	INFO	Marionette enabled
console.warn: SearchSettings: "get: No settings file exists, new profile?" (new NotFoundError("Could not open the file at C:\\Users\\kana\\AppData\\Local\\Temp\\rust_mozprofileS07cqt\\search.json.mozlz4", (void 0)))
DevTools listening on ws://localhost:52926/devtools/browser/992a78d8-1016-4ca6-997f-2b31d04b49e6
1641180942196	Marionette	INFO	Listening on port 52931
1641180942700	RemoteAgent	WARN	TLS certificate errors will be ignored for this session
1641181025443	Marionette	INFO	Stopped listening on port 52931
console.warn: TopSitesFeed: Failed to fetch data from Contile server: NetworkError when attempting to fetch resource.

###!!! [Parent][RunMessage] Error: Channel closing: too late to send/recv, messages will be lost

zprofilegHv4a9"
1641181007871	Marionette	INFO	Marionette enabled
console.warn: SearchSettings: "get: No settings file exists, new profile?" (new NotFoundError("Could not open the file at C:\\Users\\kana\\AppData\\Local\\Temp\\rust_mozprofilegHv4a9\\search.json.mozlz4", (void 0)))
DevTools listening on ws://localhost:53043/devtools/browser/d5324079-e7b3-4ace-944e-e1ca961ff2a5
1641181010142	Marionette	INFO	Listening on port 53053
1641181010240	RemoteAgent	WARN	TLS certificate errors will be ignored for this session
console.log: WebExtensions: reset-default-search: starting.
console.log: WebExtensions: reset-default-search: No addons in our list are installed.
1641181802930	Marionette	INFO	Stopped listening on port 53053
console.warn: TopSitesFeed: Failed to fetch data from Contile server: NetworkError when attempting to fetch resource.
